app/build/outputs/logs/manifest-merger-debug-report.txt
-- Merging decision tree log ---
manifest
ADDED from src/main/AndroidManifest.xml:2:1-86:12
	package
		ADDED from src/main/AndroidManifest.xml:4:5-49
		INJECTED from src/main/AndroidManifest.xml
		INJECTED from src/main/AndroidManifest.xml
	android:versionName
		ADDED from src/main/AndroidManifest.xml:6:5-30
		INJECTED from src/main/AndroidManifest.xml
		INJECTED from src/main/AndroidManifest.xml
	xmlns:tools
		ADDED from src/main/AndroidManifest.xml:3:5-51
	android:versionCode
		ADDED from src/main/AndroidManifest.xml:5:5-28
		INJECTED from src/main/AndroidManifest.xml
		INJECTED from src/main/AndroidManifest.xml
	xmlns:android
		ADDED from src/main/AndroidManifest.xml:2:11-69
uses-sdk
ADDED from src/main/AndroidManifest.xml:8:5-10:41
MERGED from [com.google.android.gms:play-services-auth:9.8.0] AndroidManifest.xml:17:5-42
MERGED from [com.google.android.gms:play-services-auth-base:9.8.0] AndroidManifest.xml:4:5-42
MERGED from [com.google.android.gms:play-services-base:9.8.0] AndroidManifest.xml:17:5-42
MERGED from [com.android.support:design:25.3.1] AndroidManifest.xml:21:5-23:62
MERGED from [com.android.support:transition:25.3.1] AndroidManifest.xml:20:5-44
MERGED from [com.github.Mariovc:ImagePicker:1.2.0] AndroidManifest.xml:22:5-24:41
MERGED from [com.github.jrvansuita:PickImage:2.1.4] AndroidManifest.xml:7:5-9:41
MERGED from [com.android.support:cardview-v7:25.2.0] AndroidManifest.xml:20:5-43
MERGED from [com.ms-square:expandableTextView:0.1.4] AndroidManifest.xml:5:5-7:41
MERGED from [com.android.support.constraint:constraint-layout:1.0.2] AndroidManifest.xml:5:5-7:41
MERGED from [io.reactivex.rxjava2:rxandroid:2.0.1] AndroidManifest.xml:19:5-43
MERGED from [jp.wasabeef:richeditor-android:1.2.2] AndroidManifest.xml:8:5-10:41
MERGED from [com.github.mthli:Knife:v1.1] AndroidManifest.xml:20:5-22:41
MERGED from [com.1gravity:android-rteditor:1.4.1] AndroidManifest.xml:22:5-24:41
MERGED from [com.1gravity:android-rteditor-core:1.4.1] AndroidManifest.xml:22:5-24:41
MERGED from [com.1gravity:android-rteditor-colorpicker:1.4.1] AndroidManifest.xml:22:5-24:41
MERGED from [com.github.afollestad.material-dialogs:core:0.8.5.5] AndroidManifest.xml:8:5-11:75
MERGED from [me.zhanghai.android.materialprogressbar:library:1.1.4] AndroidManifest.xml:11:5-13:41
MERGED from [com.android.support:appcompat-v7:25.3.1] AndroidManifest.xml:21:5-23:78
MERGED from [com.android.support:animated-vector-drawable:25.3.1] AndroidManifest.xml:20:5-44
MERGED from [com.android.support:support-vector-drawable:25.3.1] AndroidManifest.xml:20:5-43
MERGED from [com.android.support:recyclerview-v7:25.3.1] AndroidManifest.xml:20:5-43
MERGED from [de.hdodenhof:circleimageview:2.1.0] AndroidManifest.xml:5:5-7:41
MERGED from [com.google.firebase:firebase-core:9.8.0] AndroidManifest.xml:4:5-42
MERGED from [com.google.firebase:firebase-analytics:9.8.0] AndroidManifest.xml:17:5-42
MERGED from [com.google.firebase:firebase-analytics-impl:9.8.0] AndroidManifest.xml:17:5-42
MERGED from [com.google.firebase:firebase-iid:9.8.0] AndroidManifest.xml:17:5-42
MERGED from [com.google.firebase:firebase-common:9.8.0] AndroidManifest.xml:3:5-42
MERGED from [com.google.android.gms:play-services-tasks:9.8.0] AndroidManifest.xml:3:5-42
MERGED from [com.google.android.gms:play-services-basement:9.8.0] AndroidManifest.xml:17:5-42
MERGED from [com.android.support:support-v4:25.3.1] AndroidManifest.xml:21:5-23:54
MERGED from [com.android.support:support-fragment:25.3.1] AndroidManifest.xml:21:5-23:60
MERGED from [com.android.support:support-media-compat:25.3.1] AndroidManifest.xml:21:5-23:63
MERGED from [com.android.support:support-core-ui:25.3.1] AndroidManifest.xml:21:5-23:58
MERGED from [com.android.support:support-core-utils:25.3.1] AndroidManifest.xml:21:5-23:61
MERGED from [com.android.support:support-compat:25.3.1] AndroidManifest.xml:21:5-23:58
	tools:overrideLibrary
		ADDED from [com.android.support:design:25.3.1] AndroidManifest.xml:23:9-59
	android:targetSdkVersion
		ADDED from src/main/AndroidManifest.xml:10:9-38
		INJECTED from src/main/AndroidManifest.xml
		INJECTED from src/main/AndroidManifest.xml
	android:minSdkVersion
		ADDED from src/main/AndroidManifest.xml:9:9-34
		INJECTED from src/main/AndroidManifest.xml
		INJECTED from src/main/AndroidManifest.xml
uses-permission#android.permission.INTERNET
ADDED from src/main/AndroidManifest.xml:12:5-67
MERGED from [com.google.firebase:firebase-analytics:9.8.0] AndroidManifest.xml:20:5-66
MERGED from [com.google.firebase:firebase-analytics-impl:9.8.0] AndroidManifest.xml:20:5-66
MERGED from [com.google.firebase:firebase-iid:9.8.0] AndroidManifest.xml:20:5-66
	android:name
		ADDED from src/main/AndroidManifest.xml:12:22-64
uses-feature#android.hardware.camera2
ADDED from src/main/AndroidManifest.xml:14:5-16:35
	android:required
		ADDED from src/main/AndroidManifest.xml:16:9-32
	android:name
		ADDED from src/main/AndroidManifest.xml:15:9-48
uses-permission#android.permission.CAMERA
ADDED from src/main/AndroidManifest.xml:18:5-65
MERGED from [com.github.jrvansuita:PickImage:2.1.4] AndroidManifest.xml:11:5-65
	android:name
		ADDED from src/main/AndroidManifest.xml:18:22-62
uses-permission#android.permission.WRITE_EXTERNAL_STORAGE
ADDED from src/main/AndroidManifest.xml:19:5-81
MERGED from [com.github.jrvansuita:PickImage:2.1.4] AndroidManifest.xml:16:5-81
	android:name
		ADDED from src/main/AndroidManifest.xml:19:22-78
uses-permission#android.permission.READ_PHONE_STATE
ADDED from src/main/AndroidManifest.xml:20:5-75
	android:name
		ADDED from src/main/AndroidManifest.xml:20:22-72
uses-permission#android.permission.READ_EXTERNAL_STORAGE
ADDED from src/main/AndroidManifest.xml:21:5-80
	android:name
		ADDED from src/main/AndroidManifest.xml:21:22-77
application
ADDED from src/main/AndroidManifest.xml:23:5-84:19
MERGED from [com.google.android.gms:play-services-auth:9.8.0] AndroidManifest.xml:19:5-25:19
MERGED from [com.google.android.gms:play-services-base:9.8.0] AndroidManifest.xml:18:5-20:19
MERGED from [com.android.support:design:25.3.1] AndroidManifest.xml:29:5-20
MERGED from [com.android.support:transition:25.3.1] AndroidManifest.xml:26:5-20
MERGED from [com.github.Mariovc:ImagePicker:1.2.0] AndroidManifest.xml:26:5-29:19
MERGED from [com.github.jrvansuita:PickImage:2.1.4] AndroidManifest.xml:18:5-31:19
MERGED from [com.android.support:cardview-v7:25.2.0] AndroidManifest.xml:22:5-20
MERGED from [com.ms-square:expandableTextView:0.1.4] AndroidManifest.xml:9:5-20
MERGED from [com.android.support.constraint:constraint-layout:1.0.2] AndroidManifest.xml:9:5-20
MERGED from [com.github.mthli:Knife:v1.1] AndroidManifest.xml:24:5-28:19
MERGED from [com.github.afollestad.material-dialogs:core:0.8.5.5] AndroidManifest.xml:13:5-20
MERGED from [com.android.support:appcompat-v7:25.3.1] AndroidManifest.xml:29:5-20
MERGED from [com.android.support:animated-vector-drawable:25.3.1] AndroidManifest.xml:26:5-20
MERGED from [com.android.support:support-vector-drawable:25.3.1] AndroidManifest.xml:26:5-20
MERGED from [de.hdodenhof:circleimageview:2.1.0] AndroidManifest.xml:9:5-20
MERGED from [com.google.firebase:firebase-core:9.8.0] AndroidManifest.xml:5:5-20
MERGED from [com.google.firebase:firebase-analytics:9.8.0] AndroidManifest.xml:24:5-33:19
MERGED from [com.google.firebase:firebase-analytics-impl:9.8.0] AndroidManifest.xml:24:5-28:19
MERGED from [com.google.firebase:firebase-iid:9.8.0] AndroidManifest.xml:28:5-50:19
MERGED from [com.google.firebase:firebase-common:9.8.0] AndroidManifest.xml:4:5-7:19
MERGED from [com.google.android.gms:play-services-tasks:9.8.0] AndroidManifest.xml:4:5-19
MERGED from [com.google.android.gms:play-services-basement:9.8.0] AndroidManifest.xml:19:5-21:19
MERGED from [com.android.support:support-v4:25.3.1] AndroidManifest.xml:29:5-20
MERGED from [com.android.support:support-fragment:25.3.1] AndroidManifest.xml:29:5-20
MERGED from [com.android.support:support-media-compat:25.3.1] AndroidManifest.xml:29:5-20
MERGED from [com.android.support:support-core-ui:25.3.1] AndroidManifest.xml:29:5-20
MERGED from [com.android.support:support-core-utils:25.3.1] AndroidManifest.xml:29:5-20
MERGED from [com.android.support:support-compat:25.3.1] AndroidManifest.xml:29:5-20
	android:screenOrientation
		ADDED from [com.github.jrvansuita:PickImage:2.1.4] AndroidManifest.xml:21:9-45
	android:label
		ADDED from src/main/AndroidManifest.xml:27:9-41
	android:supportsRtl
		ADDED from src/main/AndroidManifest.xml:29:9-35
	android:hardwareAccelerated
		ADDED from src/main/AndroidManifest.xml:25:9-44
	android:configChanges
		ADDED from [com.github.jrvansuita:PickImage:2.1.4] AndroidManifest.xml:19:9-44
	android:allowBackup
		ADDED from src/main/AndroidManifest.xml:24:9-35
	android:icon
		ADDED from src/main/AndroidManifest.xml:26:9-44
	android:largeHeap
		ADDED from src/main/AndroidManifest.xml:28:9-33
	android:theme
		ADDED from src/main/AndroidManifest.xml:30:9-40
provider#android.support.v4.content.FileProvider
ADDED from src/main/AndroidManifest.xml:31:9-40:20
MERGED from [com.github.jrvansuita:PickImage:2.1.4] AndroidManifest.xml:22:9-30:20
	android:authorities
		ADDED from src/main/AndroidManifest.xml:33:13-95
		INJECTED from src/main/AndroidManifest.xml
		REJECTED from [com.github.jrvansuita:PickImage:2.1.4] AndroidManifest.xml:24:13-66
	android:grantUriPermissions
		ADDED from src/main/AndroidManifest.xml:35:13-47
	android:exported
		ADDED from src/main/AndroidManifest.xml:34:13-37
	tools:replace
		ADDED from src/main/AndroidManifest.xml:36:13-48
	android:name
		ADDED from src/main/AndroidManifest.xml:32:13-67
meta-data#android.support.FILE_PROVIDER_PATHS
ADDED from src/main/AndroidManifest.xml:37:13-39:65
MERGED from [com.github.jrvansuita:PickImage:2.1.4] AndroidManifest.xml:27:13-29:65
	android:resource
		ADDED from src/main/AndroidManifest.xml:39:17-62
	android:name
		ADDED from src/main/AndroidManifest.xml:38:17-67
activity#com.login_signup_screendesign_demo.Splashscreen
ADDED from src/main/AndroidManifest.xml:41:9-48:20
	android:label
		ADDED from src/main/AndroidManifest.xml:42:13-45
	android:name
		ADDED from src/main/AndroidManifest.xml:41:19-47
intent-filter#android.intent.action.MAIN+android.intent.category.LAUNCHER
ADDED from src/main/AndroidManifest.xml:43:13-47:29
action#android.intent.action.MAIN
ADDED from src/main/AndroidManifest.xml:44:17-69
	android:name
		ADDED from src/main/AndroidManifest.xml:44:25-66
category#android.intent.category.LAUNCHER
ADDED from src/main/AndroidManifest.xml:46:17-77
	android:name
		ADDED from src/main/AndroidManifest.xml:46:27-74
activity#com.login_signup_screendesign_demo.MainActivity
ADDED from src/main/AndroidManifest.xml:52:9-60:20
	android:label
		ADDED from src/main/AndroidManifest.xml:54:13-45
	android:name
		ADDED from src/main/AndroidManifest.xml:53:13-41
intent-filter#android.intent.action.MAIN+android.intent.category.DEFAULT
ADDED from src/main/AndroidManifest.xml:55:13-59:29
category#android.intent.category.DEFAULT
ADDED from src/main/AndroidManifest.xml:58:17-76
	android:name
		ADDED from src/main/AndroidManifest.xml:58:27-73
activity#com.login_signup_screendesign_demo.MainActivity2
ADDED from src/main/AndroidManifest.xml:61:9-69:20
	android:label
		ADDED from src/main/AndroidManifest.xml:63:13-57
	android:name
		ADDED from src/main/AndroidManifest.xml:62:13-42
intent-filter#android.intent.action.ALL_APPS+android.intent.category.DEFAULT
ADDED from src/main/AndroidManifest.xml:64:13-68:29
action#android.intent.action.ALL_APPS
ADDED from src/main/AndroidManifest.xml:65:17-73
	android:name
		ADDED from src/main/AndroidManifest.xml:65:25-70
activity#com.login_signup_screendesign_demo.Main3Activity
ADDED from src/main/AndroidManifest.xml:70:9-51
	android:name
		ADDED from src/main/AndroidManifest.xml:70:19-48
activity#com.login_signup_screendesign_demo.Answer_Activity
ADDED from src/main/AndroidManifest.xml:71:9-53
	android:name
		ADDED from src/main/AndroidManifest.xml:71:19-50
activity#com.onegravity.rteditor.media.choose.MediaChooserActivity
ADDED from src/main/AndroidManifest.xml:72:9-94
	android:name
		ADDED from src/main/AndroidManifest.xml:72:19-91
activity#com.onegravity.rteditor.media.crop.CropImageActivity
ADDED from src/main/AndroidManifest.xml:73:9-89
	android:name
		ADDED from src/main/AndroidManifest.xml:73:19-86
activity#com.login_signup_screendesign_demo.Main4Activity
ADDED from src/main/AndroidManifest.xml:74:9-51
	android:name
		ADDED from src/main/AndroidManifest.xml:74:19-48
activity#com.login_signup_screendesign_demo.comment
ADDED from src/main/AndroidManifest.xml:75:9-45
	android:name
		ADDED from src/main/AndroidManifest.xml:75:19-42
activity#com.login_signup_screendesign_demo.education_cred
ADDED from src/main/AndroidManifest.xml:76:9-52
	android:name
		ADDED from src/main/AndroidManifest.xml:76:19-49
activity#com.login_signup_screendesign_demo.location_cred
ADDED from src/main/AndroidManifest.xml:77:9-51
	android:name
		ADDED from src/main/AndroidManifest.xml:77:19-48
activity#com.login_signup_screendesign_demo.employment_cred
ADDED from src/main/AndroidManifest.xml:78:9-53
	android:name
		ADDED from src/main/AndroidManifest.xml:78:19-50
activity#com.login_signup_screendesign_demo.Answer
ADDED from src/main/AndroidManifest.xml:79:9-53
	android:name
		ADDED from src/main/AndroidManifest.xml:79:19-41
activity#com.login_signup_screendesign_demo.Other_user
ADDED from src/main/AndroidManifest.xml:82:9-48
	android:name
		ADDED from src/main/AndroidManifest.xml:82:19-45
activity#com.login_signup_screendesign_demo.Main5Activity
ADDED from src/main/AndroidManifest.xml:83:9-60
	android:name
		ADDED from src/main/AndroidManifest.xml:83:19-48
activity#com.google.android.gms.auth.api.signin.internal.SignInHubActivity
ADDED from [com.google.android.gms:play-services-auth:9.8.0] AndroidManifest.xml:20:9-189
	android:excludeFromRecents
		ADDED from [com.google.android.gms:play-services-auth:9.8.0] AndroidManifest.xml:20:129-162
	android:exported
		ADDED from [com.google.android.gms:play-services-auth:9.8.0] AndroidManifest.xml:20:163-187
	android:theme
		ADDED from [com.google.android.gms:play-services-auth:9.8.0] AndroidManifest.xml:20:69-128
	android:name
		ADDED from [com.google.android.gms:play-services-auth:9.8.0] AndroidManifest.xml:20:19-68
service#com.google.android.gms.auth.api.signin.RevocationBoundService
ADDED from [com.google.android.gms:play-services-auth:9.8.0] AndroidManifest.xml:24:9-184
	android:exported
		ADDED from [com.google.android.gms:play-services-auth:9.8.0] AndroidManifest.xml:24:64-87
	android:permission
		ADDED from [com.google.android.gms:play-services-auth:9.8.0] AndroidManifest.xml:24:88-182
	android:name
		ADDED from [com.google.android.gms:play-services-auth:9.8.0] AndroidManifest.xml:24:18-63
activity#com.google.android.gms.common.api.GoogleApiActivity
ADDED from [com.google.android.gms:play-services-base:9.8.0] AndroidManifest.xml:19:9-172
	android:exported
		ADDED from [com.google.android.gms:play-services-base:9.8.0] AndroidManifest.xml:19:146-170
	android:theme
		ADDED from [com.google.android.gms:play-services-base:9.8.0] AndroidManifest.xml:19:86-145
	android:name
		ADDED from [com.google.android.gms:play-services-base:9.8.0] AndroidManifest.xml:19:19-85
meta-data#android.support.VERSION
ADDED from [com.android.support:design:25.3.1] AndroidManifest.xml:25:5-27:34
MERGED from [com.android.support:transition:25.3.1] AndroidManifest.xml:22:5-24:34
MERGED from [com.android.support:appcompat-v7:25.3.1] AndroidManifest.xml:25:5-27:34
MERGED from [com.android.support:animated-vector-drawable:25.3.1] AndroidManifest.xml:22:5-24:34
MERGED from [com.android.support:support-vector-drawable:25.3.1] AndroidManifest.xml:22:5-24:34
MERGED from [com.android.support:recyclerview-v7:25.3.1] AndroidManifest.xml:22:5-24:34
MERGED from [com.android.support:support-v4:25.3.1] AndroidManifest.xml:25:5-27:34
MERGED from [com.android.support:support-fragment:25.3.1] AndroidManifest.xml:25:5-27:34
MERGED from [com.android.support:support-media-compat:25.3.1] AndroidManifest.xml:25:5-27:34
MERGED from [com.android.support:support-core-ui:25.3.1] AndroidManifest.xml:25:5-27:34
MERGED from [com.android.support:support-core-utils:25.3.1] AndroidManifest.xml:25:5-27:34
MERGED from [com.android.support:support-compat:25.3.1] AndroidManifest.xml:25:5-27:34
	android:value
		ADDED from [com.android.support:design:25.3.1] AndroidManifest.xml:27:9-31
	android:name
		ADDED from [com.android.support:design:25.3.1] AndroidManifest.xml:26:9-47
uses-feature#android.hardware.camera
ADDED from [com.github.jrvansuita:PickImage:2.1.4] AndroidManifest.xml:13:5-60
	android:name
		ADDED from [com.github.jrvansuita:PickImage:2.1.4] AndroidManifest.xml:13:19-57
uses-feature#android.hardware.camera.autofocus
ADDED from [com.github.jrvansuita:PickImage:2.1.4] AndroidManifest.xml:14:5-70
	android:name
		ADDED from [com.github.jrvansuita:PickImage:2.1.4] AndroidManifest.xml:14:19-67
uses-permission#android.permission.ACCESS_NETWORK_STATE
ADDED from [com.google.firebase:firebase-analytics:9.8.0] AndroidManifest.xml:21:5-78
MERGED from [com.google.firebase:firebase-analytics-impl:9.8.0] AndroidManifest.xml:21:5-78
MERGED from [com.google.firebase:firebase-iid:9.8.0] AndroidManifest.xml:19:5-78
	android:name
		ADDED from [com.google.firebase:firebase-analytics:9.8.0] AndroidManifest.xml:21:22-76
uses-permission#android.permission.WAKE_LOCK
ADDED from [com.google.firebase:firebase-analytics:9.8.0] AndroidManifest.xml:22:5-67
MERGED from [com.google.firebase:firebase-analytics-impl:9.8.0] AndroidManifest.xml:22:5-67
MERGED from [com.google.firebase:firebase-iid:9.8.0] AndroidManifest.xml:21:5-67
	android:name
		ADDED from [com.google.firebase:firebase-analytics:9.8.0] AndroidManifest.xml:22:22-65
receiver#com.google.android.gms.measurement.AppMeasurementReceiver
ADDED from [com.google.firebase:firebase-analytics:9.8.0] AndroidManifest.xml:25:7-26:18
MERGED from [com.google.firebase:firebase-analytics-impl:9.8.0] AndroidManifest.xml:25:7-26:18
	android:enabled
		ADDED from [com.google.firebase:firebase-analytics:9.8.0] AndroidManifest.xml:25:90-112
	android:exported
		ADDED from [com.google.firebase:firebase-analytics:9.8.0] AndroidManifest.xml:25:113-137
	android:name
		ADDED from [com.google.firebase:firebase-analytics:9.8.0] AndroidManifest.xml:25:17-89
receiver#com.google.android.gms.measurement.AppMeasurementInstallReferrerReceiver
ADDED from [com.google.firebase:firebase-analytics:9.8.0] AndroidManifest.xml:27:7-31:18
	android:enabled
		ADDED from [com.google.firebase:firebase-analytics:9.8.0] AndroidManifest.xml:27:162-184
	android:permission
		ADDED from [com.google.firebase:firebase-analytics:9.8.0] AndroidManifest.xml:27:105-161
	android:name
		ADDED from [com.google.firebase:firebase-analytics:9.8.0] AndroidManifest.xml:27:17-104
intent-filter#com.android.vending.INSTALL_REFERRER
ADDED from [com.google.firebase:firebase-analytics:9.8.0] AndroidManifest.xml:28:11-30:27
action#com.android.vending.INSTALL_REFERRER
ADDED from [com.google.firebase:firebase-analytics:9.8.0] AndroidManifest.xml:29:15-76
	android:name
		ADDED from [com.google.firebase:firebase-analytics:9.8.0] AndroidManifest.xml:29:23-74
service#com.google.android.gms.measurement.AppMeasurementService
ADDED from [com.google.firebase:firebase-analytics:9.8.0] AndroidManifest.xml:32:7-137
MERGED from [com.google.firebase:firebase-analytics-impl:9.8.0] AndroidManifest.xml:27:7-137
	android:enabled
		ADDED from [com.google.firebase:firebase-analytics:9.8.0] AndroidManifest.xml:32:88-110
	android:exported
		ADDED from [com.google.firebase:firebase-analytics:9.8.0] AndroidManifest.xml:32:111-135
	android:name
		ADDED from [com.google.firebase:firebase-analytics:9.8.0] AndroidManifest.xml:32:16-87
uses-permission#com.google.android.c2dm.permission.RECEIVE
ADDED from [com.google.firebase:firebase-iid:9.8.0] AndroidManifest.xml:22:5-81
	android:name
		ADDED from [com.google.firebase:firebase-iid:9.8.0] AndroidManifest.xml:22:22-79
permission#${applicationId}.permission.C2D_MESSAGE
ADDED from [com.google.firebase:firebase-iid:9.8.0] AndroidManifest.xml:24:5-109
	android:protectionLevel
		ADDED from [com.google.firebase:firebase-iid:9.8.0] AndroidManifest.xml:24:72-107
	android:name
		ADDED from [com.google.firebase:firebase-iid:9.8.0] AndroidManifest.xml:24:17-71
uses-permission#${applicationId}.permission.C2D_MESSAGE
ADDED from [com.google.firebase:firebase-iid:9.8.0] AndroidManifest.xml:26:5-78
	android:name
		ADDED from [com.google.firebase:firebase-iid:9.8.0] AndroidManifest.xml:26:22-76
receiver#com.google.firebase.iid.FirebaseInstanceIdReceiver
ADDED from [com.google.firebase:firebase-iid:9.8.0] AndroidManifest.xml:30:9-36:20
	android:exported
		ADDED from [com.google.firebase:firebase-iid:9.8.0] AndroidManifest.xml:30:85-108
	android:permission
		ADDED from [com.google.firebase:firebase-iid:9.8.0] AndroidManifest.xml:30:109-169
	android:name
		ADDED from [com.google.firebase:firebase-iid:9.8.0] AndroidManifest.xml:30:19-84
intent-filter#${applicationId}+com.google.android.c2dm.intent.RECEIVE+com.google.android.c2dm.intent.REGISTRATION
ADDED from [com.google.firebase:firebase-iid:9.8.0] AndroidManifest.xml:31:13-35:29
action#com.google.android.c2dm.intent.RECEIVE
ADDED from [com.google.firebase:firebase-iid:9.8.0] AndroidManifest.xml:32:17-80
	android:name
		ADDED from [com.google.firebase:firebase-iid:9.8.0] AndroidManifest.xml:32:25-78
action#com.google.android.c2dm.intent.REGISTRATION
ADDED from [com.google.firebase:firebase-iid:9.8.0] AndroidManifest.xml:33:17-85
	android:name
		ADDED from [com.google.firebase:firebase-iid:9.8.0] AndroidManifest.xml:33:25-83
category#${applicationId}
ADDED from [com.google.firebase:firebase-iid:9.8.0] AndroidManifest.xml:34:17-60
	android:name
		ADDED from [com.google.firebase:firebase-iid:9.8.0] AndroidManifest.xml:34:27-58
receiver#com.google.firebase.iid.FirebaseInstanceIdInternalReceiver
ADDED from [com.google.firebase:firebase-iid:9.8.0] AndroidManifest.xml:40:9-119
	android:exported
		ADDED from [com.google.firebase:firebase-iid:9.8.0] AndroidManifest.xml:40:93-117
	android:name
		ADDED from [com.google.firebase:firebase-iid:9.8.0] AndroidManifest.xml:40:19-92
service#com.google.firebase.iid.FirebaseInstanceIdService
ADDED from [com.google.firebase:firebase-iid:9.8.0] AndroidManifest.xml:44:9-48:19
	android:exported
		ADDED from [com.google.firebase:firebase-iid:9.8.0] AndroidManifest.xml:44:83-106
	android:name
		ADDED from [com.google.firebase:firebase-iid:9.8.0] AndroidManifest.xml:44:18-82
intent-filter#com.google.firebase.INSTANCE_ID_EVENT
ADDED from [com.google.firebase:firebase-iid:9.8.0] AndroidManifest.xml:45:13-47:29
	android:priority
		ADDED from [com.google.firebase:firebase-iid:9.8.0] AndroidManifest.xml:45:28-51
action#com.google.firebase.INSTANCE_ID_EVENT
ADDED from [com.google.firebase:firebase-iid:9.8.0] AndroidManifest.xml:46:17-79
	android:name
		ADDED from [com.google.firebase:firebase-iid:9.8.0] AndroidManifest.xml:46:25-77
provider#com.google.firebase.provider.FirebaseInitProvider
ADDED from [com.google.firebase:firebase-common:9.8.0] AndroidManifest.xml:6:9-175
	android:authorities
		ADDED from [com.google.firebase:firebase-common:9.8.0] AndroidManifest.xml:6:19-78
	android:exported
		ADDED from [com.google.firebase:firebase-common:9.8.0] AndroidManifest.xml:6:125-149
	android:initOrder
		ADDED from [com.google.firebase:firebase-common:9.8.0] AndroidManifest.xml:6:150-173
	android:name
		ADDED from [com.google.firebase:firebase-common:9.8.0] AndroidManifest.xml:6:79-124
meta-data#com.google.android.gms.version
ADDED from [com.google.android.gms:play-services-basement:9.8.0] AndroidManifest.xml:20:9-121
	android:value
		ADDED from [com.google.android.gms:play-services-basement:9.8.0] AndroidManifest.xml:20:66-119
	android:name
		ADDED from [com.google.android.gms:play-services-basement:9.8.0] AndroidManifest.xml:20:20-65